Classic Timing Analyzer report for practice
Tue May 03 20:03:38 2022
Quartus II Version 9.0 Build 132 02/25/2009 SJ Web Edition


---------------------
; Table of Contents ;
---------------------
  1. Legal Notice
  2. Timing Analyzer Summary
  3. Timing Analyzer Settings
  4. Parallel Compilation
  5. tpd
  6. Timing Analyzer Messages



----------------
; Legal Notice ;
----------------
Copyright (C) 1991-2009 Altera Corporation
Your use of Altera Corporation's design tools, logic functions 
and other software and tools, and its AMPP partner logic 
functions, and any output files from any of the foregoing 
(including device programming or simulation files), and any 
associated documentation or information are expressly subject 
to the terms and conditions of the Altera Program License 
Subscription Agreement, Altera MegaCore Function License 
Agreement, or other applicable license agreement, including, 
without limitation, that your use is for the sole purpose of 
programming logic devices manufactured by Altera and sold by 
Altera or its authorized distributors.  Please refer to the 
applicable agreement for further details.



+---------------------------------------------------------------------------------------------------------------------------------------+
; Timing Analyzer Summary                                                                                                               ;
+------------------------------+-------+---------------+-------------+--------------+------------+------------+----------+--------------+
; Type                         ; Slack ; Required Time ; Actual Time ; From         ; To         ; From Clock ; To Clock ; Failed Paths ;
+------------------------------+-------+---------------+-------------+--------------+------------+------------+----------+--------------+
; Worst-case tpd               ; N/A   ; None          ; 10.744 ns   ; operation[2] ; alu_out[0] ; --         ; --       ; 0            ;
; Total number of failed paths ;       ;               ;             ;              ;            ;            ;          ; 0            ;
+------------------------------+-------+---------------+-------------+--------------+------------+------------+----------+--------------+


+--------------------------------------------------------------------------------------------------------------------+
; Timing Analyzer Settings                                                                                           ;
+---------------------------------------------------------------------+--------------------+------+----+-------------+
; Option                                                              ; Setting            ; From ; To ; Entity Name ;
+---------------------------------------------------------------------+--------------------+------+----+-------------+
; Device Name                                                         ; EP2S15F484C3       ;      ;    ;             ;
; Timing Models                                                       ; Final              ;      ;    ;             ;
; Default hold multicycle                                             ; Same as Multicycle ;      ;    ;             ;
; Cut paths between unrelated clock domains                           ; On                 ;      ;    ;             ;
; Cut off read during write signal paths                              ; On                 ;      ;    ;             ;
; Cut off feedback from I/O pins                                      ; On                 ;      ;    ;             ;
; Report Combined Fast/Slow Timing                                    ; Off                ;      ;    ;             ;
; Ignore Clock Settings                                               ; Off                ;      ;    ;             ;
; Analyze latches as synchronous elements                             ; On                 ;      ;    ;             ;
; Enable Recovery/Removal analysis                                    ; Off                ;      ;    ;             ;
; Enable Clock Latency                                                ; Off                ;      ;    ;             ;
; Use TimeQuest Timing Analyzer                                       ; Off                ;      ;    ;             ;
; Number of source nodes to report per destination node               ; 10                 ;      ;    ;             ;
; Number of destination nodes to report                               ; 10                 ;      ;    ;             ;
; Number of paths to report                                           ; 200                ;      ;    ;             ;
; Report Minimum Timing Checks                                        ; Off                ;      ;    ;             ;
; Use Fast Timing Models                                              ; Off                ;      ;    ;             ;
; Report IO Paths Separately                                          ; Off                ;      ;    ;             ;
; Perform Multicorner Analysis                                        ; On                 ;      ;    ;             ;
; Reports the worst-case path for each clock domain and analysis      ; Off                ;      ;    ;             ;
; Removes common clock path pessimism (CCPP) during slack computation ; Off                ;      ;    ;             ;
; Output I/O Timing Endpoint                                          ; Near End           ;      ;    ;             ;
+---------------------------------------------------------------------+--------------------+------+----+-------------+


Parallel compilation was disabled, but you have multiple processors available. Enable parallel compilation to reduce compilation time.
+-------------------------------------+
; Parallel Compilation                ;
+----------------------------+--------+
; Processors                 ; Number ;
+----------------------------+--------+
; Number detected on machine ; 8      ;
; Maximum allowed            ; 1      ;
+----------------------------+--------+


+-------------------------------------------------------------------------+
; tpd                                                                     ;
+-------+-------------------+-----------------+--------------+------------+
; Slack ; Required P2P Time ; Actual P2P Time ; From         ; To         ;
+-------+-------------------+-----------------+--------------+------------+
; N/A   ; None              ; 10.744 ns       ; operation[2] ; alu_out[0] ;
; N/A   ; None              ; 10.654 ns       ; operation[0] ; alu_out[0] ;
; N/A   ; None              ; 10.584 ns       ; A[0]         ; alu_out[0] ;
; N/A   ; None              ; 10.408 ns       ; A[6]         ; alu_out[6] ;
; N/A   ; None              ; 10.391 ns       ; B[4]         ; alu_out[6] ;
; N/A   ; None              ; 10.385 ns       ; B[3]         ; alu_out[6] ;
; N/A   ; None              ; 10.176 ns       ; B[2]         ; alu_out[6] ;
; N/A   ; None              ; 10.161 ns       ; A[2]         ; alu_out[6] ;
; N/A   ; None              ; 10.145 ns       ; B[1]         ; alu_out[6] ;
; N/A   ; None              ; 10.117 ns       ; operation[0] ; alu_out[6] ;
; N/A   ; None              ; 10.110 ns       ; A[6]         ; alu_out[7] ;
; N/A   ; None              ; 10.093 ns       ; B[4]         ; alu_out[7] ;
; N/A   ; None              ; 10.087 ns       ; B[3]         ; alu_out[7] ;
; N/A   ; None              ; 10.082 ns       ; A[5]         ; alu_out[6] ;
; N/A   ; None              ; 10.063 ns       ; A[0]         ; alu_out[6] ;
; N/A   ; None              ; 10.002 ns       ; B[0]         ; alu_out[0] ;
; N/A   ; None              ; 9.994 ns        ; A[4]         ; alu_out[6] ;
; N/A   ; None              ; 9.991 ns        ; operation[1] ; alu_out[0] ;
; N/A   ; None              ; 9.941 ns        ; B[6]         ; alu_out[6] ;
; N/A   ; None              ; 9.878 ns        ; B[2]         ; alu_out[7] ;
; N/A   ; None              ; 9.863 ns        ; A[2]         ; alu_out[7] ;
; N/A   ; None              ; 9.847 ns        ; B[1]         ; alu_out[7] ;
; N/A   ; None              ; 9.819 ns        ; operation[0] ; alu_out[7] ;
; N/A   ; None              ; 9.793 ns        ; A[1]         ; alu_out[6] ;
; N/A   ; None              ; 9.784 ns        ; A[5]         ; alu_out[7] ;
; N/A   ; None              ; 9.765 ns        ; A[0]         ; alu_out[7] ;
; N/A   ; None              ; 9.696 ns        ; A[4]         ; alu_out[7] ;
; N/A   ; None              ; 9.671 ns        ; A[3]         ; alu_out[6] ;
; N/A   ; None              ; 9.655 ns        ; B[6]         ; alu_out[7] ;
; N/A   ; None              ; 9.602 ns        ; B[5]         ; alu_out[6] ;
; N/A   ; None              ; 9.497 ns        ; A[7]         ; alu_out[7] ;
; N/A   ; None              ; 9.495 ns        ; A[1]         ; alu_out[7] ;
; N/A   ; None              ; 9.491 ns        ; operation[2] ; alu_out[6] ;
; N/A   ; None              ; 9.487 ns        ; B[0]         ; alu_out[6] ;
; N/A   ; None              ; 9.373 ns        ; A[3]         ; alu_out[7] ;
; N/A   ; None              ; 9.324 ns        ; B[4]         ; alu_out[5] ;
; N/A   ; None              ; 9.318 ns        ; B[3]         ; alu_out[5] ;
; N/A   ; None              ; 9.304 ns        ; B[5]         ; alu_out[7] ;
; N/A   ; None              ; 9.274 ns        ; operation[1] ; alu_out[6] ;
; N/A   ; None              ; 9.252 ns        ; B[7]         ; alu_out[7] ;
; N/A   ; None              ; 9.189 ns        ; B[0]         ; alu_out[7] ;
; N/A   ; None              ; 9.109 ns        ; B[2]         ; alu_out[5] ;
; N/A   ; None              ; 9.094 ns        ; A[2]         ; alu_out[5] ;
; N/A   ; None              ; 9.082 ns        ; operation[2] ; alu_out[7] ;
; N/A   ; None              ; 9.078 ns        ; B[1]         ; alu_out[5] ;
; N/A   ; None              ; 9.075 ns        ; B[3]         ; alu_out[4] ;
; N/A   ; None              ; 9.059 ns        ; B[4]         ; alu_out[4] ;
; N/A   ; None              ; 9.050 ns        ; operation[0] ; alu_out[5] ;
; N/A   ; None              ; 8.996 ns        ; A[0]         ; alu_out[5] ;
; N/A   ; None              ; 8.980 ns        ; A[5]         ; alu_out[5] ;
; N/A   ; None              ; 8.927 ns        ; A[4]         ; alu_out[5] ;
; N/A   ; None              ; 8.918 ns        ; operation[2] ; alu_out[5] ;
; N/A   ; None              ; 8.896 ns        ; B[3]         ; alu_out[3] ;
; N/A   ; None              ; 8.866 ns        ; B[2]         ; alu_out[4] ;
; N/A   ; None              ; 8.862 ns        ; operation[1] ; alu_out[7] ;
; N/A   ; None              ; 8.851 ns        ; A[2]         ; alu_out[4] ;
; N/A   ; None              ; 8.848 ns        ; operation[2] ; alu_out[1] ;
; N/A   ; None              ; 8.835 ns        ; B[1]         ; alu_out[4] ;
; N/A   ; None              ; 8.807 ns        ; operation[0] ; alu_out[4] ;
; N/A   ; None              ; 8.753 ns        ; A[0]         ; alu_out[4] ;
; N/A   ; None              ; 8.726 ns        ; A[1]         ; alu_out[5] ;
; N/A   ; None              ; 8.722 ns        ; B[2]         ; alu_out[3] ;
; N/A   ; None              ; 8.707 ns        ; A[2]         ; alu_out[3] ;
; N/A   ; None              ; 8.691 ns        ; B[1]         ; alu_out[3] ;
; N/A   ; None              ; 8.676 ns        ; B[2]         ; alu_out[2] ;
; N/A   ; None              ; 8.667 ns        ; B[1]         ; alu_out[2] ;
; N/A   ; None              ; 8.663 ns        ; operation[0] ; alu_out[3] ;
; N/A   ; None              ; 8.656 ns        ; A[4]         ; alu_out[4] ;
; N/A   ; None              ; 8.655 ns        ; A[2]         ; alu_out[2] ;
; N/A   ; None              ; 8.654 ns        ; operation[0] ; alu_out[1] ;
; N/A   ; None              ; 8.647 ns        ; B[1]         ; alu_out[1] ;
; N/A   ; None              ; 8.639 ns        ; operation[0] ; alu_out[2] ;
; N/A   ; None              ; 8.610 ns        ; operation[2] ; alu_out[2] ;
; N/A   ; None              ; 8.609 ns        ; A[0]         ; alu_out[3] ;
; N/A   ; None              ; 8.604 ns        ; A[3]         ; alu_out[5] ;
; N/A   ; None              ; 8.600 ns        ; A[0]         ; alu_out[1] ;
; N/A   ; None              ; 8.585 ns        ; A[0]         ; alu_out[2] ;
; N/A   ; None              ; 8.565 ns        ; operation[2] ; alu_out[3] ;
; N/A   ; None              ; 8.557 ns        ; operation[2] ; alu_out[4] ;
; N/A   ; None              ; 8.507 ns        ; B[5]         ; alu_out[5] ;
; N/A   ; None              ; 8.483 ns        ; A[1]         ; alu_out[4] ;
; N/A   ; None              ; 8.420 ns        ; B[0]         ; alu_out[5] ;
; N/A   ; None              ; 8.361 ns        ; A[3]         ; alu_out[4] ;
; N/A   ; None              ; 8.339 ns        ; A[1]         ; alu_out[3] ;
; N/A   ; None              ; 8.315 ns        ; A[1]         ; alu_out[2] ;
; N/A   ; None              ; 8.308 ns        ; A[1]         ; alu_out[1] ;
; N/A   ; None              ; 8.296 ns        ; operation[1] ; alu_out[5] ;
; N/A   ; None              ; 8.288 ns        ; en           ; alu_out[0] ;
; N/A   ; None              ; 8.195 ns        ; A[3]         ; alu_out[3] ;
; N/A   ; None              ; 8.177 ns        ; B[0]         ; alu_out[4] ;
; N/A   ; None              ; 8.095 ns        ; operation[1] ; alu_out[1] ;
; N/A   ; None              ; 8.033 ns        ; B[0]         ; alu_out[3] ;
; N/A   ; None              ; 8.024 ns        ; B[0]         ; alu_out[1] ;
; N/A   ; None              ; 8.009 ns        ; operation[1] ; alu_out[4] ;
; N/A   ; None              ; 8.009 ns        ; B[0]         ; alu_out[2] ;
; N/A   ; None              ; 7.943 ns        ; operation[1] ; alu_out[3] ;
; N/A   ; None              ; 7.856 ns        ; operation[1] ; alu_out[2] ;
; N/A   ; None              ; 7.395 ns        ; en           ; alu_out[4] ;
; N/A   ; None              ; 7.137 ns        ; en           ; alu_out[7] ;
; N/A   ; None              ; 6.974 ns        ; en           ; alu_out[2] ;
; N/A   ; None              ; 6.964 ns        ; en           ; alu_out[3] ;
; N/A   ; None              ; 6.773 ns        ; en           ; alu_out[5] ;
; N/A   ; None              ; 6.761 ns        ; en           ; alu_out[1] ;
; N/A   ; None              ; 6.736 ns        ; en           ; alu_out[6] ;
+-------+-------------------+-----------------+--------------+------------+


+--------------------------+
; Timing Analyzer Messages ;
+--------------------------+
Info: *******************************************************************
Info: Running Quartus II Classic Timing Analyzer
    Info: Version 9.0 Build 132 02/25/2009 SJ Web Edition
    Info: Processing started: Tue May 03 20:03:38 2022
Info: Command: quartus_tan --read_settings_files=off --write_settings_files=off practice -c practice --timing_analysis_only
Info: Longest tpd from source pin "operation[2]" to destination pin "alu_out[0]" is 10.744 ns
    Info: 1: + IC(0.000 ns) + CELL(0.854 ns) = 0.854 ns; Loc. = PIN_N19; Fanout = 8; PIN Node = 'operation[2]'
    Info: 2: + IC(4.630 ns) + CELL(0.366 ns) = 5.850 ns; Loc. = LCCOMB_X39_Y8_N22; Fanout = 1; COMB Node = 'Mux7~0'
    Info: 3: + IC(2.952 ns) + CELL(1.942 ns) = 10.744 ns; Loc. = PIN_H16; Fanout = 0; PIN Node = 'alu_out[0]'
    Info: Total cell delay = 3.162 ns ( 29.43 % )
    Info: Total interconnect delay = 7.582 ns ( 70.57 % )
Info: Quartus II Classic Timing Analyzer was successful. 0 errors, 0 warnings
    Info: Peak virtual memory: 181 megabytes
    Info: Processing ended: Tue May 03 20:03:38 2022
    Info: Elapsed time: 00:00:00
    Info: Total CPU time (on all processors): 00:00:00


